[debug] [2023-09-10T18:42:17.912Z] ----------------------------------------------------------------------
[debug] [2023-09-10T18:42:17.916Z] Command:       C:\Program Files\nodejs\node.exe C:\Users\Tech Kern Ding\AppData\Roaming\npm\node_modules\firebase-tools\lib\bin\firebase.js init
[debug] [2023-09-10T18:42:17.917Z] CLI Version:   12.5.2
[debug] [2023-09-10T18:42:17.917Z] Platform:      win32
[debug] [2023-09-10T18:42:17.918Z] Node Version:  v20.5.1
[debug] [2023-09-10T18:42:17.918Z] Time:          Sun Sep 10 2023 14:42:17 GMT-0400 (Eastern Daylight Time)
[debug] [2023-09-10T18:42:17.918Z] ----------------------------------------------------------------------
[debug] 
[debug] [2023-09-10T18:42:17.926Z] >>> [apiv2][query] GET https://firebase-public.firebaseio.com/cli.json [none]
[debug] [2023-09-10T18:42:18.021Z] > command requires scopes: ["email","openid","https://www.googleapis.com/auth/cloudplatformprojects.readonly","https://www.googleapis.com/auth/firebase","https://www.googleapis.com/auth/cloud-platform"]
[debug] [2023-09-10T18:42:18.021Z] > authorizing via signed-in user (tkding@ucsd.edu)
[info] 
     ######## #### ########  ######## ########     ###     ######  ########
     ##        ##  ##     ## ##       ##     ##  ##   ##  ##       ##
     ######    ##  ########  ######   ########  #########  ######  ######
     ##        ##  ##    ##  ##       ##     ## ##     ##       ## ##
     ##       #### ##     ## ######## ########  ##     ##  ######  ########

You're about to initialize a Firebase project in this directory:

  C:\Users\Tech Kern Ding\OneDrive - UC San Diego\Desktop\REACT-tutorial\chat-app

[debug] [2023-09-10T18:42:18.193Z] <<< [apiv2][status] GET https://firebase-public.firebaseio.com/cli.json 200
[debug] [2023-09-10T18:42:18.194Z] <<< [apiv2][body] GET https://firebase-public.firebaseio.com/cli.json {"cloudBuildErrorAfter":1594252800000,"cloudBuildWarnAfter":1590019200000,"defaultNode10After":1594252800000,"minVersion":"3.0.5","node8DeploysDisabledAfter":1613390400000,"node8RuntimeDisabledAfter":1615809600000,"node8WarnAfter":1600128000000}
